lp5(0/5): train samples (pos:212, neg:576)
lp5(0/5): test samples (pos:52, neg:144)
[rough search] opt_C:10000000.0,	g:0.703651
[narrow search] opt_C:17782794.1004,	g:0.705551
[optimized] acc:0.714286,	accP:0.615385,	accN:0.750000,	g:0.679366
lp5(1/5): train samples (pos:212, neg:576)
lp5(1/5): test samples (pos:52, neg:144)
[rough search] opt_C:10000000.0,	g:0.690053
[narrow search] opt_C:10000000.0,	g:0.690053
[optimized] acc:0.714286,	accP:0.480769,	accN:0.798611,	g:0.619635
lp5(2/5): train samples (pos:212, neg:576)
lp5(2/5): test samples (pos:52, neg:144)
[rough search] opt_C:100000000.0,	g:0.691436
[narrow search] opt_C:177827941.004,	g:0.693716
[optimized] acc:0.698980,	accP:0.692308,	accN:0.701389,	g:0.696833
lp5(3/5): train samples (pos:212, neg:576)
lp5(3/5): test samples (pos:52, neg:144)
[rough search] opt_C:10000000.0,	g:0.657731
[narrow search] opt_C:56234132.519,	g:0.667205
[optimized] acc:0.683673,	accP:0.903846,	accN:0.604167,	g:0.738968
lp5(4/5): train samples (pos:208, neg:576)
lp5(4/5): test samples (pos:56, neg:144)
[rough search] opt_C:1000000000.0,	g:0.687446
[narrow search] opt_C:3162277660.17,	g:0.694922
[optimized] acc:0.660000,	accP:0.642857,	accN:0.666667,	g:0.654654
[lp5]: acc:0.694245,	accP:0.667033,	accN:0.704167,	g:0.677891,	g_from_ave.:0.685348
