lp5(0/5): train samples (pos:212, neg:576)
lp5(0/5): test samples (pos:52, neg:144)
[rough search] opt_beta:1,	opt_C:100000000.0,	g:0.772721
[narrow search] opt_beta:5.6234132519,	opt_C:17782794.1004,	g:0.863506
[optimized] acc:0.857143,	accP:0.942308,	accN:0.826389,	g:0.882447
lp5(1/5): train samples (pos:212, neg:576)
lp5(1/5): test samples (pos:52, neg:144)
[rough search] opt_beta:1,	opt_C:1000000000.0,	g:0.775943
[narrow search] opt_beta:5.6234132519,	opt_C:177827941.004,	g:0.853514
[optimized] acc:0.841837,	accP:0.942308,	accN:0.805556,	g:0.871253
lp5(2/5): train samples (pos:212, neg:576)
lp5(2/5): test samples (pos:52, neg:144)
[rough search] opt_beta:1,	opt_C:10000000.0,	g:0.797085
[narrow search] opt_beta:5.6234132519,	opt_C:5623413.2519,	g:0.866457
[optimized] acc:0.790816,	accP:0.884615,	accN:0.756944,	g:0.818294
lp5(3/5): train samples (pos:212, neg:576)
lp5(3/5): test samples (pos:52, neg:144)
[rough search] opt_beta:1,	opt_C:1000000000.0,	g:0.765705
[narrow search] opt_beta:5.6234132519,	opt_C:562341325.19,	g:0.851143
[optimized] acc:0.846939,	accP:0.942308,	accN:0.812500,	g:0.875000
lp5(4/5): train samples (pos:208, neg:576)
lp5(4/5): test samples (pos:56, neg:144)
[rough search] opt_beta:1,	opt_C:100000000.0,	g:0.782109
[narrow search] opt_beta:5.6234132519,	opt_C:56234132.519,	g:0.851852
[optimized] acc:0.835000,	accP:0.839286,	accN:0.833333,	g:0.836304
[lp5]: acc:0.834347,	accP:0.910165,	accN:0.806944,	g:0.856660,	g_from_ave.:0.857002
